<?xml version="1.0" encoding="UTF-8"?>
<!-- Generated by org.testng.reporters.JUnitXMLReporter -->
<testsuite ignored="0" hostname="Ekta" failures="2" tests="2" name="Test(failed)" time="13.812" errors="0" timestamp="2024-05-05T17:10:44 EDT">
  <testcase classname="testCases.Tc_003LoginDDT" name="Verify_LoginDDT" time="2.84">
    <failure type="java.lang.AssertionError" message="expected [true] but found [false]">
      <![CDATA[java.lang.AssertionError: expected [true] but found [false]
at testCases.Tc_003LoginDDT.Verify_LoginDDT(Tc_003LoginDDT.java:50)
at java.base/java.util.ArrayList.forEach(ArrayList.java:1596)
... Removed 29 stack frames]]>
    </failure>
  </testcase> <!-- Verify_LoginDDT -->
  <testcase classname="testCases.Tc_003LoginDDT" name="Verify_LoginDDT" time="2.762">
    <failure type="java.lang.AssertionError" message="expected [true] but found [false]">
      <![CDATA[java.lang.AssertionError: expected [true] but found [false]
at testCases.Tc_003LoginDDT.Verify_LoginDDT(Tc_003LoginDDT.java:50)
at java.base/java.util.ArrayList.forEach(ArrayList.java:1596)
... Removed 29 stack frames]]>
    </failure>
  </testcase> <!-- Verify_LoginDDT -->
</testsuite> <!-- Test(failed) -->
